\BOOKMARK [0][-]{title.0}{封面}{}% 1
\BOOKMARK [0][-]{chapter*.1}{致谢}{}% 2
\BOOKMARK [0][-]{chapter*.2}{摘要}{}% 3
\BOOKMARK [0][-]{chapter*.3}{Abstract}{}% 4
\BOOKMARK [0][-]{toc.0}{目录}{}% 5
\BOOKMARK [0][-]{chapter.1}{引言}{}% 6
\BOOKMARK [1][-]{section.1.1}{研究目的}{chapter.1}% 7
\BOOKMARK [1][-]{section.1.2}{研究方法}{chapter.1}% 8
\BOOKMARK [1][-]{section.1.3}{论文结构}{chapter.1}% 9
\BOOKMARK [0][-]{chapter.2}{背景}{}% 10
\BOOKMARK [1][-]{section.2.1}{历史发展}{chapter.2}% 11
\BOOKMARK [1][-]{section.2.2}{背景知识}{chapter.2}% 12
\BOOKMARK [2][-]{subsection.2.2.1}{知识点一——列表}{section.2.2}% 13
\BOOKMARK [2][-]{subsection.2.2.2}{知识点二——图片}{section.2.2}% 14
\BOOKMARK [2][-]{subsection.2.2.3}{清除图片浮动}{section.2.2}% 15
\BOOKMARK [0][-]{chapter.3}{原理}{}% 16
\BOOKMARK [1][-]{section.3.1}{研究方向一}{chapter.3}% 17
\BOOKMARK [2][-]{subsection.3.1.1}{算法原理}{section.3.1}% 18
\BOOKMARK [2][-]{subsection.3.1.2}{实现方法}{section.3.1}% 19
\BOOKMARK [1][-]{section.3.2}{研究方向二}{chapter.3}% 20
\BOOKMARK [2][-]{subsection.3.2.1}{基本思想}{section.3.2}% 21
\BOOKMARK [2][-]{subsection.3.2.2}{实现方法}{section.3.2}% 22
\BOOKMARK [0][-]{chapter.4}{实验}{}% 23
\BOOKMARK [1][-]{section.4.1}{前期准备}{chapter.4}% 24
\BOOKMARK [1][-]{section.4.2}{实验步骤}{chapter.4}% 25
\BOOKMARK [1][-]{section.4.3}{实验相关参数}{chapter.4}% 26
\BOOKMARK [1][-]{section.4.4}{其他问题}{chapter.4}% 27
\BOOKMARK [0][-]{chapter.5}{结果}{}% 28
\BOOKMARK [1][-]{section.5.1}{实验结果展示}{chapter.5}% 29
\BOOKMARK [1][-]{section.5.2}{结果分析}{chapter.5}% 30
\BOOKMARK [2][-]{subsection.5.2.1}{速度}{section.5.2}% 31
\BOOKMARK [2][-]{subsection.5.2.2}{效果}{section.5.2}% 32
\BOOKMARK [2][-]{subsection.5.2.3}{验证}{section.5.2}% 33
\BOOKMARK [1][-]{section.5.3}{比较}{chapter.5}% 34
\BOOKMARK [2][-]{subsection.5.3.1}{另一种方法}{section.5.3}% 35
\BOOKMARK [2][-]{subsection.5.3.2}{这种方法}{section.5.3}% 36
\BOOKMARK [0][-]{chapter.6}{总结}{}% 37
\BOOKMARK [0][-]{section*.10}{参考文献}{}% 38
